{"total": {"lines":{"total":111,"covered":43,"skipped":0,"pct":38.73},"statements":{"total":111,"covered":43,"skipped":0,"pct":38.73},"functions":{"total":22,"covered":6,"skipped":0,"pct":27.27},"branches":{"total":23,"covered":4,"skipped":0,"pct":17.39},"branchesTrue":{"total":0,"covered":0,"skipped":0,"pct":100}}
,"/home/leonancosta/Documentos/Desafio-NG.CASH/backend/src/controllers/transactions.controller.ts": {"lines":{"total":32,"covered":7,"skipped":0,"pct":21.87},"functions":{"total":4,"covered":1,"skipped":0,"pct":25},"statements":{"total":32,"covered":7,"skipped":0,"pct":21.87},"branches":{"total":5,"covered":0,"skipped":0,"pct":0}}
,"/home/leonancosta/Documentos/Desafio-NG.CASH/backend/src/controllers/user.controller.ts": {"lines":{"total":20,"covered":9,"skipped":0,"pct":45},"functions":{"total":4,"covered":2,"skipped":0,"pct":50},"statements":{"total":20,"covered":9,"skipped":0,"pct":45},"branches":{"total":0,"covered":0,"skipped":0,"pct":100}}
,"/home/leonancosta/Documentos/Desafio-NG.CASH/backend/src/services/transactions.service.ts": {"lines":{"total":29,"covered":10,"skipped":0,"pct":34.48},"functions":{"total":10,"covered":1,"skipped":0,"pct":10},"statements":{"total":29,"covered":10,"skipped":0,"pct":34.48},"branches":{"total":10,"covered":0,"skipped":0,"pct":0}}
,"/home/leonancosta/Documentos/Desafio-NG.CASH/backend/src/services/user.service.ts": {"lines":{"total":30,"covered":17,"skipped":0,"pct":56.66},"functions":{"total":4,"covered":2,"skipped":0,"pct":50},"statements":{"total":30,"covered":17,"skipped":0,"pct":56.66},"branches":{"total":8,"covered":4,"skipped":0,"pct":50}}
}
