TN:
SF:src/controllers/transactions.controller.ts
FN:9,(anonymous_0)
FN:14,(anonymous_1)
FN:52,(anonymous_2)
FN:69,(anonymous_3)
FNF:4
FNH:1
FNDA:1,(anonymous_0)
FNDA:0,(anonymous_1)
FNDA:0,(anonymous_2)
FNDA:0,(anonymous_3)
DA:6,1
DA:8,1
DA:10,1
DA:11,1
DA:14,1
DA:19,0
DA:20,0
DA:21,0
DA:23,0
DA:24,0
DA:27,0
DA:31,0
DA:35,0
DA:41,0
DA:46,0
DA:48,0
DA:52,1
DA:57,0
DA:58,0
DA:59,0
DA:60,0
DA:63,0
DA:65,0
DA:69,1
DA:74,0
DA:75,0
DA:76,0
DA:77,0
DA:79,0
DA:81,0
DA:86,0
DA:88,0
LF:32
LH:7
BRDA:23,0,0,0
BRDA:23,0,1,0
BRDA:23,1,0,0
BRDA:23,1,1,0
BRDA:23,1,2,0
BRF:5
BRH:0
end_of_record
TN:
SF:src/controllers/user.controller.ts
FN:6,(anonymous_0)
FN:7,(anonymous_1)
FN:17,(anonymous_2)
FN:27,(anonymous_3)
FNF:4
FNH:2
FNDA:1,(anonymous_0)
FNDA:0,(anonymous_1)
FNDA:4,(anonymous_2)
FNDA:0,(anonymous_3)
DA:5,1
DA:6,1
DA:7,1
DA:8,0
DA:9,0
DA:10,0
DA:11,0
DA:13,0
DA:17,1
DA:18,4
DA:19,4
DA:20,4
DA:21,0
DA:23,4
DA:27,1
DA:28,0
DA:29,0
DA:31,0
DA:32,0
DA:34,0
LF:20
LH:9
BRF:0
BRH:0
end_of_record
TN:
SF:src/services/transactions.service.ts
FN:12,(anonymous_0)
FN:13,(anonymous_1)
FN:29,(anonymous_2)
FN:44,(anonymous_3)
FN:85,(anonymous_4)
FN:95,(anonymous_5)
FN:101,(anonymous_6)
FN:108,(anonymous_7)
FN:114,(anonymous_8)
FN:120,(anonymous_9)
FNF:10
FNH:1
FNDA:1,(anonymous_0)
FNDA:0,(anonymous_1)
FNDA:0,(anonymous_2)
FNDA:0,(anonymous_3)
FNDA:0,(anonymous_4)
FNDA:0,(anonymous_5)
FNDA:0,(anonymous_6)
FNDA:0,(anonymous_7)
FNDA:0,(anonymous_8)
FNDA:0,(anonymous_9)
DA:1,1
DA:2,1
DA:3,1
DA:4,1
DA:5,1
DA:12,1
DA:13,1
DA:18,0
DA:23,0
DA:29,1
DA:34,0
DA:41,0
DA:44,1
DA:47,0
DA:82,0
DA:85,1
DA:90,0
DA:92,0
DA:94,0
DA:96,0
DA:100,0
DA:102,0
DA:107,0
DA:109,0
DA:113,0
DA:115,0
DA:119,0
DA:121,0
DA:124,0
LF:29
LH:10
BRDA:92,0,0,0
BRDA:92,0,1,0
BRDA:92,0,2,0
BRDA:92,0,3,0
BRDA:92,0,4,0
BRDA:92,0,5,0
BRDA:96,1,0,0
BRDA:96,1,1,0
BRDA:102,2,0,0
BRDA:102,2,1,0
BRF:10
BRH:0
end_of_record
TN:
SF:src/services/user.service.ts
FN:9,(anonymous_0)
FN:10,(anonymous_1)
FN:27,(anonymous_2)
FN:47,(anonymous_3)
FNF:4
FNH:2
FNDA:2,(anonymous_0)
FNDA:0,(anonymous_1)
FNDA:4,(anonymous_2)
FNDA:0,(anonymous_3)
DA:1,1
DA:2,1
DA:3,1
DA:6,1
DA:7,1
DA:9,1
DA:10,2
DA:11,0
DA:12,0
DA:15,0
DA:16,0
DA:21,0
DA:22,0
DA:24,0
DA:27,2
DA:28,4
DA:29,4
DA:35,4
DA:36,1
DA:38,3
DA:39,3
DA:40,1
DA:42,2
DA:43,0
DA:44,0
DA:47,2
DA:48,0
DA:60,0
DA:61,0
DA:64,0
LF:30
LH:17
BRDA:21,0,0,0
BRDA:21,0,1,0
BRDA:35,1,0,1
BRDA:35,1,1,3
BRDA:39,2,0,1
BRDA:39,2,1,2
BRDA:60,3,0,0
BRDA:60,3,1,0
BRF:8
BRH:4
end_of_record
